Analysis & Synthesis report for DE0_NANO
Sat Oct 14 20:46:26 2017
Quartus Prime Version 17.0.0 Build 595 04/25/2017 SJ Lite Edition


---------------------
; Table of Contents ;
---------------------
  1. Legal Notice
  2. Analysis & Synthesis Summary
  3. Analysis & Synthesis Settings
  4. Parallel Compilation
  5. Analysis & Synthesis Source Files Read
  6. Analysis & Synthesis Resource Usage Summary
  7. Analysis & Synthesis Resource Utilization by Entity
  8. Analysis & Synthesis RAM Summary
  9. Registers Removed During Synthesis
 10. General Register Statistics
 11. Registers Packed Into Inferred Megafunctions
 12. Multiplexer Restructuring Statistics (Restructuring Performed)
 13. Source assignments for sin_rom:sin|altsyncram:sine_rtl_0|altsyncram_qt61:auto_generated
 14. Parameter Settings for Inferred Entity Instance: sin_rom:sin|altsyncram:sine_rtl_0
 15. altsyncram Parameter Settings by Entity Instance
 16. Port Connectivity Checks: "VGA_DRIVER:driver"
 17. Post-Synthesis Netlist Statistics for Top Partition
 18. Elapsed Time Per Partition
 19. Analysis & Synthesis Messages



----------------
; Legal Notice ;
----------------
Copyright (C) 2017  Intel Corporation. All rights reserved.
Your use of Intel Corporation's design tools, logic functions 
and other software and tools, and its AMPP partner logic 
functions, and any output files from any of the foregoing 
(including device programming or simulation files), and any 
associated documentation or information are expressly subject 
to the terms and conditions of the Intel Program License 
Subscription Agreement, the Intel Quartus Prime License Agreement,
the Intel MegaCore Function License Agreement, or other 
applicable license agreement, including, without limitation, 
that your use is for the sole purpose of programming logic 
devices manufactured by Intel and sold by Intel or its 
authorized distributors.  Please refer to the applicable 
agreement for further details.



+----------------------------------------------------------------------------------+
; Analysis & Synthesis Summary                                                     ;
+------------------------------------+---------------------------------------------+
; Analysis & Synthesis Status        ; Successful - Sat Oct 14 20:46:26 2017       ;
; Quartus Prime Version              ; 17.0.0 Build 595 04/25/2017 SJ Lite Edition ;
; Revision Name                      ; DE0_NANO                                    ;
; Top-level Entity Name              ; DE0_NANO                                    ;
; Family                             ; Cyclone IV E                                ;
; Total logic elements               ; 131                                         ;
;     Total combinational functions  ; 131                                         ;
;     Dedicated logic registers      ; 72                                          ;
; Total registers                    ; 72                                          ;
; Total pins                         ; 87                                          ;
; Total virtual pins                 ; 0                                           ;
; Total memory bits                  ; 2,048                                       ;
; Embedded Multiplier 9-bit elements ; 0                                           ;
; Total PLLs                         ; 0                                           ;
+------------------------------------+---------------------------------------------+


+----------------------------------------------------------------------------------------------------------------------+
; Analysis & Synthesis Settings                                                                                        ;
+----------------------------------------------------------------------------+--------------------+--------------------+
; Option                                                                     ; Setting            ; Default Value      ;
+----------------------------------------------------------------------------+--------------------+--------------------+
; Device                                                                     ; EP4CE22F17C6       ;                    ;
; Top-level entity name                                                      ; DE0_NANO           ; DE0_NANO           ;
; Family name                                                                ; Cyclone IV E       ; Cyclone IV GX      ;
; Use smart compilation                                                      ; Off                ; Off                ;
; Enable parallel Assembler and TimeQuest Timing Analyzer during compilation ; On                 ; On                 ;
; Enable compact report table                                                ; Off                ; Off                ;
; Restructure Multiplexers                                                   ; Auto               ; Auto               ;
; Create Debugging Nodes for IP Cores                                        ; Off                ; Off                ;
; Preserve fewer node names                                                  ; On                 ; On                 ;
; OpenCore Plus hardware evaluation                                          ; Enable             ; Enable             ;
; Verilog Version                                                            ; Verilog_2001       ; Verilog_2001       ;
; VHDL Version                                                               ; VHDL_1993          ; VHDL_1993          ;
; State Machine Processing                                                   ; Auto               ; Auto               ;
; Safe State Machine                                                         ; Off                ; Off                ;
; Extract Verilog State Machines                                             ; On                 ; On                 ;
; Extract VHDL State Machines                                                ; On                 ; On                 ;
; Ignore Verilog initial constructs                                          ; Off                ; Off                ;
; Iteration limit for constant Verilog loops                                 ; 5000               ; 5000               ;
; Iteration limit for non-constant Verilog loops                             ; 250                ; 250                ;
; Add Pass-Through Logic to Inferred RAMs                                    ; On                 ; On                 ;
; Infer RAMs from Raw Logic                                                  ; On                 ; On                 ;
; Parallel Synthesis                                                         ; On                 ; On                 ;
; DSP Block Balancing                                                        ; Auto               ; Auto               ;
; NOT Gate Push-Back                                                         ; On                 ; On                 ;
; Power-Up Don't Care                                                        ; On                 ; On                 ;
; Remove Redundant Logic Cells                                               ; Off                ; Off                ;
; Remove Duplicate Registers                                                 ; On                 ; On                 ;
; Ignore CARRY Buffers                                                       ; Off                ; Off                ;
; Ignore CASCADE Buffers                                                     ; Off                ; Off                ;
; Ignore GLOBAL Buffers                                                      ; Off                ; Off                ;
; Ignore ROW GLOBAL Buffers                                                  ; Off                ; Off                ;
; Ignore LCELL Buffers                                                       ; Off                ; Off                ;
; Ignore SOFT Buffers                                                        ; On                 ; On                 ;
; Limit AHDL Integers to 32 Bits                                             ; Off                ; Off                ;
; Optimization Technique                                                     ; Balanced           ; Balanced           ;
; Carry Chain Length                                                         ; 70                 ; 70                 ;
; Auto Carry Chains                                                          ; On                 ; On                 ;
; Auto Open-Drain Pins                                                       ; On                 ; On                 ;
; Perform WYSIWYG Primitive Resynthesis                                      ; Off                ; Off                ;
; Auto ROM Replacement                                                       ; On                 ; On                 ;
; Auto RAM Replacement                                                       ; On                 ; On                 ;
; Auto DSP Block Replacement                                                 ; On                 ; On                 ;
; Auto Shift Register Replacement                                            ; Auto               ; Auto               ;
; Allow Shift Register Merging across Hierarchies                            ; Auto               ; Auto               ;
; Auto Clock Enable Replacement                                              ; On                 ; On                 ;
; Strict RAM Replacement                                                     ; Off                ; Off                ;
; Allow Synchronous Control Signals                                          ; On                 ; On                 ;
; Force Use of Synchronous Clear Signals                                     ; Off                ; Off                ;
; Auto RAM Block Balancing                                                   ; On                 ; On                 ;
; Auto RAM to Logic Cell Conversion                                          ; Off                ; Off                ;
; Auto Resource Sharing                                                      ; Off                ; Off                ;
; Allow Any RAM Size For Recognition                                         ; Off                ; Off                ;
; Allow Any ROM Size For Recognition                                         ; Off                ; Off                ;
; Allow Any Shift Register Size For Recognition                              ; Off                ; Off                ;
; Use LogicLock Constraints during Resource Balancing                        ; On                 ; On                 ;
; Ignore translate_off and synthesis_off directives                          ; Off                ; Off                ;
; Timing-Driven Synthesis                                                    ; On                 ; On                 ;
; Report Parameter Settings                                                  ; On                 ; On                 ;
; Report Source Assignments                                                  ; On                 ; On                 ;
; Report Connectivity Checks                                                 ; On                 ; On                 ;
; Ignore Maximum Fan-Out Assignments                                         ; Off                ; Off                ;
; Synchronization Register Chain Length                                      ; 2                  ; 2                  ;
; PowerPlay Power Optimization During Synthesis                              ; Normal compilation ; Normal compilation ;
; HDL message level                                                          ; Level2             ; Level2             ;
; Suppress Register Optimization Related Messages                            ; Off                ; Off                ;
; Number of Removed Registers Reported in Synthesis Report                   ; 5000               ; 5000               ;
; Number of Swept Nodes Reported in Synthesis Report                         ; 5000               ; 5000               ;
; Number of Inverted Registers Reported in Synthesis Report                  ; 100                ; 100                ;
; Clock MUX Protection                                                       ; On                 ; On                 ;
; Auto Gated Clock Conversion                                                ; Off                ; Off                ;
; Block Design Naming                                                        ; Auto               ; Auto               ;
; SDC constraint protection                                                  ; Off                ; Off                ;
; Synthesis Effort                                                           ; Auto               ; Auto               ;
; Shift Register Replacement - Allow Asynchronous Clear Signal               ; On                 ; On                 ;
; Pre-Mapping Resynthesis Optimization                                       ; Off                ; Off                ;
; Analysis & Synthesis Message Level                                         ; Medium             ; Medium             ;
; Disable Register Merging Across Hierarchies                                ; Auto               ; Auto               ;
; Resource Aware Inference For Block RAM                                     ; On                 ; On                 ;
+----------------------------------------------------------------------------+--------------------+--------------------+


+------------------------------------------+
; Parallel Compilation                     ;
+----------------------------+-------------+
; Processors                 ; Number      ;
+----------------------------+-------------+
; Number detected on machine ; 8           ;
; Maximum allowed            ; 4           ;
;                            ;             ;
; Average used               ; 1.00        ;
; Maximum used               ; 4           ;
;                            ;             ;
; Usage by Processor         ; % Time Used ;
;     Processor 1            ; 100.0%      ;
;     Processors 2-4         ;   0.0%      ;
+----------------------------+-------------+


+--------------------------------------------------------------------------------------------------------------------------------------------------------------------------------------------------------------------------------------------------+
; Analysis & Synthesis Source Files Read                                                                                                                                                                                                           ;
+-------------------------------------------+-----------------+-------------------------------------------------------+------------------------------------------------------------------------------------------------------------------+---------+
; File Name with User-Entered Path          ; Used in Netlist ; File Type                                             ; File Name with Absolute Path                                                                                     ; Library ;
+-------------------------------------------+-----------------+-------------------------------------------------------+------------------------------------------------------------------------------------------------------------------+---------+
; sin_rom.v                                 ; yes             ; User Verilog HDL File                                 ; C:/Users/labuser/Downloads/ECE-3400-Team-1-master/code dump/Lab3_team1/sin_rom.v                                 ;         ;
; VGA_DRIVER.v                              ; yes             ; User Verilog HDL File                                 ; C:/Users/labuser/Downloads/ECE-3400-Team-1-master/code dump/Lab3_team1/VGA_DRIVER.v                              ;         ;
; DE0_NANO.v                                ; yes             ; User Verilog HDL File                                 ; C:/Users/labuser/Downloads/ECE-3400-Team-1-master/code dump/Lab3_team1/DE0_NANO.v                                ;         ;
; altsyncram.tdf                            ; yes             ; Megafunction                                          ; c:/intelfpga_lite/17.0/quartus/libraries/megafunctions/altsyncram.tdf                                            ;         ;
; stratix_ram_block.inc                     ; yes             ; Megafunction                                          ; c:/intelfpga_lite/17.0/quartus/libraries/megafunctions/stratix_ram_block.inc                                     ;         ;
; lpm_mux.inc                               ; yes             ; Megafunction                                          ; c:/intelfpga_lite/17.0/quartus/libraries/megafunctions/lpm_mux.inc                                               ;         ;
; lpm_decode.inc                            ; yes             ; Megafunction                                          ; c:/intelfpga_lite/17.0/quartus/libraries/megafunctions/lpm_decode.inc                                            ;         ;
; aglobal170.inc                            ; yes             ; Megafunction                                          ; c:/intelfpga_lite/17.0/quartus/libraries/megafunctions/aglobal170.inc                                            ;         ;
; a_rdenreg.inc                             ; yes             ; Megafunction                                          ; c:/intelfpga_lite/17.0/quartus/libraries/megafunctions/a_rdenreg.inc                                             ;         ;
; altrom.inc                                ; yes             ; Megafunction                                          ; c:/intelfpga_lite/17.0/quartus/libraries/megafunctions/altrom.inc                                                ;         ;
; altram.inc                                ; yes             ; Megafunction                                          ; c:/intelfpga_lite/17.0/quartus/libraries/megafunctions/altram.inc                                                ;         ;
; altdpram.inc                              ; yes             ; Megafunction                                          ; c:/intelfpga_lite/17.0/quartus/libraries/megafunctions/altdpram.inc                                              ;         ;
; db/altsyncram_qt61.tdf                    ; yes             ; Auto-Generated Megafunction                           ; C:/Users/labuser/Downloads/ECE-3400-Team-1-master/code dump/Lab3_team1/db/altsyncram_qt61.tdf                    ;         ;
; db/de0_nano.ram0_sin_rom_440271be.hdl.mif ; yes             ; Auto-Generated Auto-Found Memory Initialization File  ; C:/Users/labuser/Downloads/ECE-3400-Team-1-master/code dump/Lab3_team1/db/de0_nano.ram0_sin_rom_440271be.hdl.mif ;         ;
+-------------------------------------------+-----------------+-------------------------------------------------------+------------------------------------------------------------------------------------------------------------------+---------+


+--------------------------------------------------------+
; Analysis & Synthesis Resource Usage Summary            ;
+---------------------------------------------+----------+
; Resource                                    ; Usage    ;
+---------------------------------------------+----------+
; Estimated Total logic elements              ; 131      ;
;                                             ;          ;
; Total combinational functions               ; 131      ;
; Logic element usage by number of LUT inputs ;          ;
;     -- 4 input functions                    ; 28       ;
;     -- 3 input functions                    ; 6        ;
;     -- <=2 input functions                  ; 97       ;
;                                             ;          ;
; Logic elements by mode                      ;          ;
;     -- normal mode                          ; 67       ;
;     -- arithmetic mode                      ; 64       ;
;                                             ;          ;
; Total registers                             ; 72       ;
;     -- Dedicated logic registers            ; 72       ;
;     -- I/O registers                        ; 0        ;
;                                             ;          ;
; I/O pins                                    ; 87       ;
; Total memory bits                           ; 2048     ;
;                                             ;          ;
; Embedded Multiplier 9-bit elements          ; 0        ;
;                                             ;          ;
; Maximum fan-out node                        ; CLOCK_25 ;
; Maximum fan-out                             ; 80       ;
; Total fan-out                               ; 750      ;
; Average fan-out                             ; 1.66     ;
+---------------------------------------------+----------+


+------------------------------------------------------------------------------------------------------------------------------------------------------------------------------------------------------------------------------------------------------------------------------------+
; Analysis & Synthesis Resource Utilization by Entity                                                                                                                                                                                                                                ;
+-------------------------------------------+---------------------+---------------------------+-------------+--------------+---------+-----------+------+--------------+----------------------------------------------------------------------------+-----------------+--------------+
; Compilation Hierarchy Node                ; Combinational ALUTs ; Dedicated Logic Registers ; Memory Bits ; DSP Elements ; DSP 9x9 ; DSP 18x18 ; Pins ; Virtual Pins ; Full Hierarchy Name                                                        ; Entity Name     ; Library Name ;
+-------------------------------------------+---------------------+---------------------------+-------------+--------------+---------+-----------+------+--------------+----------------------------------------------------------------------------+-----------------+--------------+
; |DE0_NANO                                 ; 131 (97)            ; 72 (52)                   ; 2048        ; 0            ; 0       ; 0         ; 87   ; 0            ; |DE0_NANO                                                                  ; DE0_NANO        ; work         ;
;    |VGA_DRIVER:driver|                    ; 34 (34)             ; 20 (20)                   ; 0           ; 0            ; 0       ; 0         ; 0    ; 0            ; |DE0_NANO|VGA_DRIVER:driver                                                ; VGA_DRIVER      ; work         ;
;    |sin_rom:sin|                          ; 0 (0)               ; 0 (0)                     ; 2048        ; 0            ; 0       ; 0         ; 0    ; 0            ; |DE0_NANO|sin_rom:sin                                                      ; sin_rom         ; work         ;
;       |altsyncram:sine_rtl_0|             ; 0 (0)               ; 0 (0)                     ; 2048        ; 0            ; 0       ; 0         ; 0    ; 0            ; |DE0_NANO|sin_rom:sin|altsyncram:sine_rtl_0                                ; altsyncram      ; work         ;
;          |altsyncram_qt61:auto_generated| ; 0 (0)               ; 0 (0)                     ; 2048        ; 0            ; 0       ; 0         ; 0    ; 0            ; |DE0_NANO|sin_rom:sin|altsyncram:sine_rtl_0|altsyncram_qt61:auto_generated ; altsyncram_qt61 ; work         ;
+-------------------------------------------+---------------------+---------------------------+-------------+--------------+---------+-----------+------+--------------+----------------------------------------------------------------------------+-----------------+--------------+
Note: For table entries with two numbers listed, the numbers in parentheses indicate the number of resources of the given type used by the specific entity alone. The numbers listed outside of parentheses indicate the total resources of the given type used by the specific entity and all of its sub-entities in the hierarchy.


+----------------------------------------------------------------------------------------------------------------------------------------------------------------------------------------------------------+
; Analysis & Synthesis RAM Summary                                                                                                                                                                         ;
+-----------------------------------------------------------------------------+------+------+--------------+--------------+--------------+--------------+------+-------------------------------------------+
; Name                                                                        ; Type ; Mode ; Port A Depth ; Port A Width ; Port B Depth ; Port B Width ; Size ; MIF                                       ;
+-----------------------------------------------------------------------------+------+------+--------------+--------------+--------------+--------------+------+-------------------------------------------+
; sin_rom:sin|altsyncram:sine_rtl_0|altsyncram_qt61:auto_generated|ALTSYNCRAM ; AUTO ; ROM  ; 256          ; 8            ; --           ; --           ; 2048 ; db/DE0_NANO.ram0_sin_rom_440271be.hdl.mif ;
+-----------------------------------------------------------------------------+------+------+--------------+--------------+--------------+--------------+------+-------------------------------------------+


+---------------------------------------------------------------------------------+
; Registers Removed During Synthesis                                              ;
+----------------------------------------+----------------------------------------+
; Register name                          ; Reason for Removal                     ;
+----------------------------------------+----------------------------------------+
; led_counter[24]                        ; Merged with freq_counter[24]           ;
; led_counter[22]                        ; Merged with freq_counter[22]           ;
; led_counter[21]                        ; Merged with freq_counter[21]           ;
; led_counter[20]                        ; Merged with freq_counter[20]           ;
; led_counter[19]                        ; Merged with freq_counter[19]           ;
; led_counter[18]                        ; Merged with freq_counter[18]           ;
; led_counter[16]                        ; Merged with freq_counter[16]           ;
; led_counter[14]                        ; Merged with freq_counter[14]           ;
; led_counter[13]                        ; Merged with freq_counter[13]           ;
; led_counter[12]                        ; Merged with freq_counter[12]           ;
; led_counter[11]                        ; Merged with freq_counter[11]           ;
; led_counter[6]                         ; Merged with freq_counter[6]            ;
; led_counter[23]                        ; Merged with freq_counter[23]           ;
; led_counter[17]                        ; Merged with freq_counter[17]           ;
; led_counter[15]                        ; Merged with freq_counter[15]           ;
; led_counter[10]                        ; Merged with freq_counter[10]           ;
; led_counter[9]                         ; Merged with freq_counter[9]            ;
; led_counter[8]                         ; Merged with freq_counter[8]            ;
; led_counter[7]                         ; Merged with freq_counter[7]            ;
; led_counter[5]                         ; Merged with freq_counter[5]            ;
; led_counter[4]                         ; Merged with freq_counter[4]            ;
; led_counter[3]                         ; Merged with freq_counter[3]            ;
; led_counter[2]                         ; Merged with freq_counter[2]            ;
; led_counter[1]                         ; Merged with freq_counter[1]            ;
; led_counter[0]                         ; Merged with freq_counter[0]            ;
; freq_state[2]                          ; Stuck at GND due to stuck port data_in ;
; freq_state[0]                          ; Merged with led_state                  ;
; Total Number of Removed Registers = 27 ;                                        ;
+----------------------------------------+----------------------------------------+


+------------------------------------------------------+
; General Register Statistics                          ;
+----------------------------------------------+-------+
; Statistic                                    ; Value ;
+----------------------------------------------+-------+
; Total registers                              ; 72    ;
; Number of registers using Synchronous Clear  ; 28    ;
; Number of registers using Synchronous Load   ; 0     ;
; Number of registers using Asynchronous Clear ; 0     ;
; Number of registers using Asynchronous Load  ; 0     ;
; Number of registers using Clock Enable       ; 20    ;
; Number of registers using Preset             ; 0     ;
+----------------------------------------------+-------+


+-----------------------------------------------------+
; Registers Packed Into Inferred Megafunctions        ;
+---------------------+------------------------+------+
; Register Name       ; Megafunction           ; Type ;
+---------------------+------------------------+------+
; sin_rom:sin|q[0..7] ; sin_rom:sin|sine_rtl_0 ; RAM  ;
+---------------------+------------------------+------+


+----------------------------------------------------------------------------------------------------------------------------------------------------------+
; Multiplexer Restructuring Statistics (Restructuring Performed)                                                                                           ;
+--------------------+-----------+---------------+----------------------+------------------------+------------+--------------------------------------------+
; Multiplexer Inputs ; Bus Width ; Baseline Area ; Area if Restructured ; Saving if Restructured ; Registered ; Example Multiplexer Output                 ;
+--------------------+-----------+---------------+----------------------+------------------------+------------+--------------------------------------------+
; 3:1                ; 10 bits   ; 20 LEs        ; 10 LEs               ; 10 LEs                 ; Yes        ; |DE0_NANO|VGA_DRIVER:driver|pixel_count[7] ;
; 4:1                ; 10 bits   ; 20 LEs        ; 10 LEs               ; 10 LEs                 ; Yes        ; |DE0_NANO|VGA_DRIVER:driver|line_count[9]  ;
; 5:1                ; 5 bits    ; 15 LEs        ; 10 LEs               ; 5 LEs                  ; Yes        ; |DE0_NANO|counter[4]                       ;
+--------------------+-----------+---------------+----------------------+------------------------+------------+--------------------------------------------+


+-----------------------------------------------------------------------------------------+
; Source assignments for sin_rom:sin|altsyncram:sine_rtl_0|altsyncram_qt61:auto_generated ;
+---------------------------------+--------------------+------+---------------------------+
; Assignment                      ; Value              ; From ; To                        ;
+---------------------------------+--------------------+------+---------------------------+
; OPTIMIZE_POWER_DURING_SYNTHESIS ; NORMAL_COMPILATION ; -    ; -                         ;
+---------------------------------+--------------------+------+---------------------------+


+-------------------------------------------------------------------------------------------------+
; Parameter Settings for Inferred Entity Instance: sin_rom:sin|altsyncram:sine_rtl_0              ;
+------------------------------------+-------------------------------------------+----------------+
; Parameter Name                     ; Value                                     ; Type           ;
+------------------------------------+-------------------------------------------+----------------+
; BYTE_SIZE_BLOCK                    ; 8                                         ; Untyped        ;
; AUTO_CARRY_CHAINS                  ; ON                                        ; AUTO_CARRY     ;
; IGNORE_CARRY_BUFFERS               ; OFF                                       ; IGNORE_CARRY   ;
; AUTO_CASCADE_CHAINS                ; ON                                        ; AUTO_CASCADE   ;
; IGNORE_CASCADE_BUFFERS             ; OFF                                       ; IGNORE_CASCADE ;
; WIDTH_BYTEENA                      ; 1                                         ; Untyped        ;
; OPERATION_MODE                     ; ROM                                       ; Untyped        ;
; WIDTH_A                            ; 8                                         ; Untyped        ;
; WIDTHAD_A                          ; 8                                         ; Untyped        ;
; NUMWORDS_A                         ; 256                                       ; Untyped        ;
; OUTDATA_REG_A                      ; UNREGISTERED                              ; Untyped        ;
; ADDRESS_ACLR_A                     ; NONE                                      ; Untyped        ;
; OUTDATA_ACLR_A                     ; NONE                                      ; Untyped        ;
; WRCONTROL_ACLR_A                   ; NONE                                      ; Untyped        ;
; INDATA_ACLR_A                      ; NONE                                      ; Untyped        ;
; BYTEENA_ACLR_A                     ; NONE                                      ; Untyped        ;
; WIDTH_B                            ; 1                                         ; Untyped        ;
; WIDTHAD_B                          ; 1                                         ; Untyped        ;
; NUMWORDS_B                         ; 1                                         ; Untyped        ;
; INDATA_REG_B                       ; CLOCK1                                    ; Untyped        ;
; WRCONTROL_WRADDRESS_REG_B          ; CLOCK1                                    ; Untyped        ;
; RDCONTROL_REG_B                    ; CLOCK1                                    ; Untyped        ;
; ADDRESS_REG_B                      ; CLOCK1                                    ; Untyped        ;
; OUTDATA_REG_B                      ; UNREGISTERED                              ; Untyped        ;
; BYTEENA_REG_B                      ; CLOCK1                                    ; Untyped        ;
; INDATA_ACLR_B                      ; NONE                                      ; Untyped        ;
; WRCONTROL_ACLR_B                   ; NONE                                      ; Untyped        ;
; ADDRESS_ACLR_B                     ; NONE                                      ; Untyped        ;
; OUTDATA_ACLR_B                     ; NONE                                      ; Untyped        ;
; RDCONTROL_ACLR_B                   ; NONE                                      ; Untyped        ;
; BYTEENA_ACLR_B                     ; NONE                                      ; Untyped        ;
; WIDTH_BYTEENA_A                    ; 1                                         ; Untyped        ;
; WIDTH_BYTEENA_B                    ; 1                                         ; Untyped        ;
; RAM_BLOCK_TYPE                     ; AUTO                                      ; Untyped        ;
; BYTE_SIZE                          ; 8                                         ; Untyped        ;
; READ_DURING_WRITE_MODE_MIXED_PORTS ; DONT_CARE                                 ; Untyped        ;
; READ_DURING_WRITE_MODE_PORT_A      ; NEW_DATA_NO_NBE_READ                      ; Untyped        ;
; READ_DURING_WRITE_MODE_PORT_B      ; NEW_DATA_NO_NBE_READ                      ; Untyped        ;
; INIT_FILE                          ; db/DE0_NANO.ram0_sin_rom_440271be.hdl.mif ; Untyped        ;
; INIT_FILE_LAYOUT                   ; PORT_A                                    ; Untyped        ;
; MAXIMUM_DEPTH                      ; 0                                         ; Untyped        ;
; CLOCK_ENABLE_INPUT_A               ; NORMAL                                    ; Untyped        ;
; CLOCK_ENABLE_INPUT_B               ; NORMAL                                    ; Untyped        ;
; CLOCK_ENABLE_OUTPUT_A              ; NORMAL                                    ; Untyped        ;
; CLOCK_ENABLE_OUTPUT_B              ; NORMAL                                    ; Untyped        ;
; CLOCK_ENABLE_CORE_A                ; USE_INPUT_CLKEN                           ; Untyped        ;
; CLOCK_ENABLE_CORE_B                ; USE_INPUT_CLKEN                           ; Untyped        ;
; ENABLE_ECC                         ; FALSE                                     ; Untyped        ;
; ECC_PIPELINE_STAGE_ENABLED         ; FALSE                                     ; Untyped        ;
; WIDTH_ECCSTATUS                    ; 3                                         ; Untyped        ;
; DEVICE_FAMILY                      ; Cyclone IV E                              ; Untyped        ;
; CBXI_PARAMETER                     ; altsyncram_qt61                           ; Untyped        ;
+------------------------------------+-------------------------------------------+----------------+
Note: In order to hide this table in the UI and the text report file, please set the "Show Parameter Settings in Synthesis Report" option in "Analysis and Synthesis Settings -> More Settings" to "Off".


+-------------------------------------------------------------------------------+
; altsyncram Parameter Settings by Entity Instance                              ;
+-------------------------------------------+-----------------------------------+
; Name                                      ; Value                             ;
+-------------------------------------------+-----------------------------------+
; Number of entity instances                ; 1                                 ;
; Entity Instance                           ; sin_rom:sin|altsyncram:sine_rtl_0 ;
;     -- OPERATION_MODE                     ; ROM                               ;
;     -- WIDTH_A                            ; 8                                 ;
;     -- NUMWORDS_A                         ; 256                               ;
;     -- OUTDATA_REG_A                      ; UNREGISTERED                      ;
;     -- WIDTH_B                            ; 1                                 ;
;     -- NUMWORDS_B                         ; 1                                 ;
;     -- ADDRESS_REG_B                      ; CLOCK1                            ;
;     -- OUTDATA_REG_B                      ; UNREGISTERED                      ;
;     -- RAM_BLOCK_TYPE                     ; AUTO                              ;
;     -- READ_DURING_WRITE_MODE_MIXED_PORTS ; DONT_CARE                         ;
+-------------------------------------------+-----------------------------------+


+--------------------------------------------------------------------------------------------------------------------------------+
; Port Connectivity Checks: "VGA_DRIVER:driver"                                                                                  ;
+----------------------+--------+----------+-------------------------------------------------------------------------------------+
; Port                 ; Type   ; Severity ; Details                                                                             ;
+----------------------+--------+----------+-------------------------------------------------------------------------------------+
; PIXEL_COLOR_IN[4..2] ; Input  ; Info     ; Stuck at VCC                                                                        ;
; PIXEL_COLOR_IN[7..5] ; Input  ; Info     ; Stuck at GND                                                                        ;
; PIXEL_COLOR_IN[1..0] ; Input  ; Info     ; Stuck at GND                                                                        ;
; PIXEL_X              ; Output ; Info     ; Connected to dangling logic. Logic that only feeds a dangling port will be removed. ;
; PIXEL_Y              ; Output ; Info     ; Connected to dangling logic. Logic that only feeds a dangling port will be removed. ;
+----------------------+--------+----------+-------------------------------------------------------------------------------------+


+-----------------------------------------------------+
; Post-Synthesis Netlist Statistics for Top Partition ;
+-----------------------+-----------------------------+
; Type                  ; Count                       ;
+-----------------------+-----------------------------+
; boundary_port         ; 87                          ;
; cycloneiii_ff         ; 72                          ;
;     ENA               ; 2                           ;
;     ENA SCLR          ; 18                          ;
;     SCLR              ; 10                          ;
;     plain             ; 42                          ;
; cycloneiii_io_obuf    ; 68                          ;
; cycloneiii_lcell_comb ; 132                         ;
;     arith             ; 64                          ;
;         2 data inputs ; 64                          ;
;     normal            ; 68                          ;
;         0 data inputs ; 1                           ;
;         1 data inputs ; 7                           ;
;         2 data inputs ; 26                          ;
;         3 data inputs ; 6                           ;
;         4 data inputs ; 28                          ;
; cycloneiii_ram_block  ; 8                           ;
;                       ;                             ;
; Max LUT depth         ; 4.40                        ;
; Average LUT depth     ; 2.14                        ;
+-----------------------+-----------------------------+


+-------------------------------+
; Elapsed Time Per Partition    ;
+----------------+--------------+
; Partition Name ; Elapsed Time ;
+----------------+--------------+
; Top            ; 00:00:00     ;
+----------------+--------------+


+-------------------------------+
; Analysis & Synthesis Messages ;
+-------------------------------+
Info: *******************************************************************
Info: Running Quartus Prime Analysis & Synthesis
    Info: Version 17.0.0 Build 595 04/25/2017 SJ Lite Edition
    Info: Processing started: Sat Oct 14 20:46:16 2017
Info: Command: quartus_map --read_settings_files=on --write_settings_files=off DE0_NANO -c DE0_NANO
Warning (125092): Tcl Script File DE_NANO_SOPC.qip not found
    Info (125063): set_global_assignment -name QIP_FILE DE_NANO_SOPC.qip
Warning (18236): Number of processors has not been specified which may cause overloading on shared machines.  Set the global assignment NUM_PARALLEL_PROCESSORS in your QSF to an appropriate value for best performance.
Info (20030): Parallel compilation is enabled and will use 4 of the 4 processors detected
Info (12021): Found 1 design units, including 1 entities, in source file sin_rom.v
    Info (12023): Found entity 1: sin_rom File: C:/Users/labuser/Downloads/ECE-3400-Team-1-master/code dump/Lab3_team1/sin_rom.v Line: 4
Info (12021): Found 1 design units, including 1 entities, in source file vga_driver.v
    Info (12023): Found entity 1: VGA_DRIVER File: C:/Users/labuser/Downloads/ECE-3400-Team-1-master/code dump/Lab3_team1/VGA_DRIVER.v Line: 14
Warning (10238): Verilog Module Declaration warning at DE0_NANO.v(32): ignored anonymous port(s) indicated by duplicate or dangling comma(s) in the port list for module "DE0_NANO" File: C:/Users/labuser/Downloads/ECE-3400-Team-1-master/code dump/Lab3_team1/DE0_NANO.v Line: 32
Info (12021): Found 1 design units, including 1 entities, in source file de0_nano.v
    Info (12023): Found entity 1: DE0_NANO File: C:/Users/labuser/Downloads/ECE-3400-Team-1-master/code dump/Lab3_team1/DE0_NANO.v Line: 11
Info (12127): Elaborating entity "DE0_NANO" for the top level hierarchy
Warning (10230): Verilog HDL assignment warning at DE0_NANO.v(184): truncated value with size 32 to match size of target (16) File: C:/Users/labuser/Downloads/ECE-3400-Team-1-master/code dump/Lab3_team1/DE0_NANO.v Line: 184
Warning (10230): Verilog HDL assignment warning at DE0_NANO.v(187): truncated value with size 32 to match size of target (16) File: C:/Users/labuser/Downloads/ECE-3400-Team-1-master/code dump/Lab3_team1/DE0_NANO.v Line: 187
Warning (10230): Verilog HDL assignment warning at DE0_NANO.v(190): truncated value with size 32 to match size of target (16) File: C:/Users/labuser/Downloads/ECE-3400-Team-1-master/code dump/Lab3_team1/DE0_NANO.v Line: 190
Warning (10230): Verilog HDL assignment warning at DE0_NANO.v(196): truncated value with size 32 to match size of target (8) File: C:/Users/labuser/Downloads/ECE-3400-Team-1-master/code dump/Lab3_team1/DE0_NANO.v Line: 196
Warning (10230): Verilog HDL assignment warning at DE0_NANO.v(200): truncated value with size 32 to match size of target (16) File: C:/Users/labuser/Downloads/ECE-3400-Team-1-master/code dump/Lab3_team1/DE0_NANO.v Line: 200
Warning (10034): Output port "LED[7..1]" at DE0_NANO.v(48) has no driver File: C:/Users/labuser/Downloads/ECE-3400-Team-1-master/code dump/Lab3_team1/DE0_NANO.v Line: 48
Info (12128): Elaborating entity "VGA_DRIVER" for hierarchy "VGA_DRIVER:driver" File: C:/Users/labuser/Downloads/ECE-3400-Team-1-master/code dump/Lab3_team1/DE0_NANO.v Line: 96
Warning (10230): Verilog HDL assignment warning at VGA_DRIVER.v(71): truncated value with size 32 to match size of target (10) File: C:/Users/labuser/Downloads/ECE-3400-Team-1-master/code dump/Lab3_team1/VGA_DRIVER.v Line: 71
Warning (10230): Verilog HDL assignment warning at VGA_DRIVER.v(75): truncated value with size 32 to match size of target (10) File: C:/Users/labuser/Downloads/ECE-3400-Team-1-master/code dump/Lab3_team1/VGA_DRIVER.v Line: 75
Info (12128): Elaborating entity "sin_rom" for hierarchy "sin_rom:sin" File: C:/Users/labuser/Downloads/ECE-3400-Team-1-master/code dump/Lab3_team1/DE0_NANO.v Line: 102
Warning (10030): Net "sine.data_a" at sin_rom.v(12) has no driver or initial value, using a default initial value '0' File: C:/Users/labuser/Downloads/ECE-3400-Team-1-master/code dump/Lab3_team1/sin_rom.v Line: 12
Warning (10030): Net "sine.waddr_a" at sin_rom.v(12) has no driver or initial value, using a default initial value '0' File: C:/Users/labuser/Downloads/ECE-3400-Team-1-master/code dump/Lab3_team1/sin_rom.v Line: 12
Warning (10030): Net "sine.we_a" at sin_rom.v(12) has no driver or initial value, using a default initial value '0' File: C:/Users/labuser/Downloads/ECE-3400-Team-1-master/code dump/Lab3_team1/sin_rom.v Line: 12
Info (19000): Inferred 1 megafunctions from design logic
    Info (276029): Inferred altsyncram megafunction from the following design logic: "sin_rom:sin|sine_rtl_0" 
        Info (286033): Parameter OPERATION_MODE set to ROM
        Info (286033): Parameter WIDTH_A set to 8
        Info (286033): Parameter WIDTHAD_A set to 8
        Info (286033): Parameter NUMWORDS_A set to 256
        Info (286033): Parameter OUTDATA_REG_A set to UNREGISTERED
        Info (286033): Parameter ADDRESS_ACLR_A set to NONE
        Info (286033): Parameter OUTDATA_ACLR_A set to NONE
        Info (286033): Parameter INDATA_ACLR_A set to NONE
        Info (286033): Parameter WRCONTROL_ACLR_A set to NONE
        Info (286033): Parameter INIT_FILE set to db/DE0_NANO.ram0_sin_rom_440271be.hdl.mif
Info (12130): Elaborated megafunction instantiation "sin_rom:sin|altsyncram:sine_rtl_0"
Info (12133): Instantiated megafunction "sin_rom:sin|altsyncram:sine_rtl_0" with the following parameter:
    Info (12134): Parameter "OPERATION_MODE" = "ROM"
    Info (12134): Parameter "WIDTH_A" = "8"
    Info (12134): Parameter "WIDTHAD_A" = "8"
    Info (12134): Parameter "NUMWORDS_A" = "256"
    Info (12134): Parameter "OUTDATA_REG_A" = "UNREGISTERED"
    Info (12134): Parameter "ADDRESS_ACLR_A" = "NONE"
    Info (12134): Parameter "OUTDATA_ACLR_A" = "NONE"
    Info (12134): Parameter "INDATA_ACLR_A" = "NONE"
    Info (12134): Parameter "WRCONTROL_ACLR_A" = "NONE"
    Info (12134): Parameter "INIT_FILE" = "db/DE0_NANO.ram0_sin_rom_440271be.hdl.mif"
Info (12021): Found 1 design units, including 1 entities, in source file db/altsyncram_qt61.tdf
    Info (12023): Found entity 1: altsyncram_qt61 File: C:/Users/labuser/Downloads/ECE-3400-Team-1-master/code dump/Lab3_team1/db/altsyncram_qt61.tdf Line: 28
Warning (13034): The following nodes have both tri-state and non-tri-state drivers
    Warning (13035): Inserted always-enabled tri-state buffer between "GPIO_0_D[10]" and its non-tri-state driver. File: C:/Users/labuser/Downloads/ECE-3400-Team-1-master/code dump/Lab3_team1/DE0_NANO.v Line: 60
    Warning (13035): Inserted always-enabled tri-state buffer between "GPIO_0_D[12]" and its non-tri-state driver. File: C:/Users/labuser/Downloads/ECE-3400-Team-1-master/code dump/Lab3_team1/DE0_NANO.v Line: 60
    Warning (13035): Inserted always-enabled tri-state buffer between "GPIO_0_D[15]" and its non-tri-state driver. File: C:/Users/labuser/Downloads/ECE-3400-Team-1-master/code dump/Lab3_team1/DE0_NANO.v Line: 60
    Warning (13035): Inserted always-enabled tri-state buffer between "GPIO_0_D[17]" and its non-tri-state driver. File: C:/Users/labuser/Downloads/ECE-3400-Team-1-master/code dump/Lab3_team1/DE0_NANO.v Line: 60
    Warning (13035): Inserted always-enabled tri-state buffer between "GPIO_0_D[19]" and its non-tri-state driver. File: C:/Users/labuser/Downloads/ECE-3400-Team-1-master/code dump/Lab3_team1/DE0_NANO.v Line: 60
    Warning (13035): Inserted always-enabled tri-state buffer between "GPIO_1_D[8]" and its non-tri-state driver. File: C:/Users/labuser/Downloads/ECE-3400-Team-1-master/code dump/Lab3_team1/DE0_NANO.v Line: 64
    Warning (13035): Inserted always-enabled tri-state buffer between "GPIO_1_D[10]" and its non-tri-state driver. File: C:/Users/labuser/Downloads/ECE-3400-Team-1-master/code dump/Lab3_team1/DE0_NANO.v Line: 64
    Warning (13035): Inserted always-enabled tri-state buffer between "GPIO_1_D[12]" and its non-tri-state driver. File: C:/Users/labuser/Downloads/ECE-3400-Team-1-master/code dump/Lab3_team1/DE0_NANO.v Line: 64
    Warning (13035): Inserted always-enabled tri-state buffer between "GPIO_1_D[14]" and its non-tri-state driver. File: C:/Users/labuser/Downloads/ECE-3400-Team-1-master/code dump/Lab3_team1/DE0_NANO.v Line: 64
    Warning (13035): Inserted always-enabled tri-state buffer between "GPIO_1_D[16]" and its non-tri-state driver. File: C:/Users/labuser/Downloads/ECE-3400-Team-1-master/code dump/Lab3_team1/DE0_NANO.v Line: 64
    Warning (13035): Inserted always-enabled tri-state buffer between "GPIO_1_D[18]" and its non-tri-state driver. File: C:/Users/labuser/Downloads/ECE-3400-Team-1-master/code dump/Lab3_team1/DE0_NANO.v Line: 64
    Warning (13035): Inserted always-enabled tri-state buffer between "GPIO_1_D[20]" and its non-tri-state driver. File: C:/Users/labuser/Downloads/ECE-3400-Team-1-master/code dump/Lab3_team1/DE0_NANO.v Line: 64
    Warning (13035): Inserted always-enabled tri-state buffer between "GPIO_1_D[22]" and its non-tri-state driver. File: C:/Users/labuser/Downloads/ECE-3400-Team-1-master/code dump/Lab3_team1/DE0_NANO.v Line: 64
Warning (13039): The following bidirectional pins have no drivers
    Warning (13040): bidirectional pin "GPIO_0_D[0]" has no driver File: C:/Users/labuser/Downloads/ECE-3400-Team-1-master/code dump/Lab3_team1/DE0_NANO.v Line: 60
    Warning (13040): bidirectional pin "GPIO_0_D[1]" has no driver File: C:/Users/labuser/Downloads/ECE-3400-Team-1-master/code dump/Lab3_team1/DE0_NANO.v Line: 60
    Warning (13040): bidirectional pin "GPIO_0_D[2]" has no driver File: C:/Users/labuser/Downloads/ECE-3400-Team-1-master/code dump/Lab3_team1/DE0_NANO.v Line: 60
    Warning (13040): bidirectional pin "GPIO_0_D[3]" has no driver File: C:/Users/labuser/Downloads/ECE-3400-Team-1-master/code dump/Lab3_team1/DE0_NANO.v Line: 60
    Warning (13040): bidirectional pin "GPIO_0_D[4]" has no driver File: C:/Users/labuser/Downloads/ECE-3400-Team-1-master/code dump/Lab3_team1/DE0_NANO.v Line: 60
    Warning (13040): bidirectional pin "GPIO_0_D[5]" has no driver File: C:/Users/labuser/Downloads/ECE-3400-Team-1-master/code dump/Lab3_team1/DE0_NANO.v Line: 60
    Warning (13040): bidirectional pin "GPIO_0_D[6]" has no driver File: C:/Users/labuser/Downloads/ECE-3400-Team-1-master/code dump/Lab3_team1/DE0_NANO.v Line: 60
    Warning (13040): bidirectional pin "GPIO_0_D[7]" has no driver File: C:/Users/labuser/Downloads/ECE-3400-Team-1-master/code dump/Lab3_team1/DE0_NANO.v Line: 60
    Warning (13040): bidirectional pin "GPIO_0_D[8]" has no driver File: C:/Users/labuser/Downloads/ECE-3400-Team-1-master/code dump/Lab3_team1/DE0_NANO.v Line: 60
    Warning (13040): bidirectional pin "GPIO_0_D[14]" has no driver File: C:/Users/labuser/Downloads/ECE-3400-Team-1-master/code dump/Lab3_team1/DE0_NANO.v Line: 60
    Warning (13040): bidirectional pin "GPIO_0_D[16]" has no driver File: C:/Users/labuser/Downloads/ECE-3400-Team-1-master/code dump/Lab3_team1/DE0_NANO.v Line: 60
    Warning (13040): bidirectional pin "GPIO_0_D[18]" has no driver File: C:/Users/labuser/Downloads/ECE-3400-Team-1-master/code dump/Lab3_team1/DE0_NANO.v Line: 60
    Warning (13040): bidirectional pin "GPIO_0_D[20]" has no driver File: C:/Users/labuser/Downloads/ECE-3400-Team-1-master/code dump/Lab3_team1/DE0_NANO.v Line: 60
    Warning (13040): bidirectional pin "GPIO_0_D[22]" has no driver File: C:/Users/labuser/Downloads/ECE-3400-Team-1-master/code dump/Lab3_team1/DE0_NANO.v Line: 60
    Warning (13040): bidirectional pin "GPIO_0_D[24]" has no driver File: C:/Users/labuser/Downloads/ECE-3400-Team-1-master/code dump/Lab3_team1/DE0_NANO.v Line: 60
    Warning (13040): bidirectional pin "GPIO_0_D[25]" has no driver File: C:/Users/labuser/Downloads/ECE-3400-Team-1-master/code dump/Lab3_team1/DE0_NANO.v Line: 60
    Warning (13040): bidirectional pin "GPIO_0_D[26]" has no driver File: C:/Users/labuser/Downloads/ECE-3400-Team-1-master/code dump/Lab3_team1/DE0_NANO.v Line: 60
    Warning (13040): bidirectional pin "GPIO_0_D[27]" has no driver File: C:/Users/labuser/Downloads/ECE-3400-Team-1-master/code dump/Lab3_team1/DE0_NANO.v Line: 60
    Warning (13040): bidirectional pin "GPIO_0_D[28]" has no driver File: C:/Users/labuser/Downloads/ECE-3400-Team-1-master/code dump/Lab3_team1/DE0_NANO.v Line: 60
    Warning (13040): bidirectional pin "GPIO_0_D[29]" has no driver File: C:/Users/labuser/Downloads/ECE-3400-Team-1-master/code dump/Lab3_team1/DE0_NANO.v Line: 60
    Warning (13040): bidirectional pin "GPIO_0_D[30]" has no driver File: C:/Users/labuser/Downloads/ECE-3400-Team-1-master/code dump/Lab3_team1/DE0_NANO.v Line: 60
    Warning (13040): bidirectional pin "GPIO_0_D[31]" has no driver File: C:/Users/labuser/Downloads/ECE-3400-Team-1-master/code dump/Lab3_team1/DE0_NANO.v Line: 60
    Warning (13040): bidirectional pin "GPIO_0_D[32]" has no driver File: C:/Users/labuser/Downloads/ECE-3400-Team-1-master/code dump/Lab3_team1/DE0_NANO.v Line: 60
    Warning (13040): bidirectional pin "GPIO_0_D[33]" has no driver File: C:/Users/labuser/Downloads/ECE-3400-Team-1-master/code dump/Lab3_team1/DE0_NANO.v Line: 60
    Warning (13040): bidirectional pin "GPIO_1_D[0]" has no driver File: C:/Users/labuser/Downloads/ECE-3400-Team-1-master/code dump/Lab3_team1/DE0_NANO.v Line: 64
    Warning (13040): bidirectional pin "GPIO_1_D[1]" has no driver File: C:/Users/labuser/Downloads/ECE-3400-Team-1-master/code dump/Lab3_team1/DE0_NANO.v Line: 64
    Warning (13040): bidirectional pin "GPIO_1_D[2]" has no driver File: C:/Users/labuser/Downloads/ECE-3400-Team-1-master/code dump/Lab3_team1/DE0_NANO.v Line: 64
    Warning (13040): bidirectional pin "GPIO_1_D[3]" has no driver File: C:/Users/labuser/Downloads/ECE-3400-Team-1-master/code dump/Lab3_team1/DE0_NANO.v Line: 64
    Warning (13040): bidirectional pin "GPIO_1_D[4]" has no driver File: C:/Users/labuser/Downloads/ECE-3400-Team-1-master/code dump/Lab3_team1/DE0_NANO.v Line: 64
    Warning (13040): bidirectional pin "GPIO_1_D[5]" has no driver File: C:/Users/labuser/Downloads/ECE-3400-Team-1-master/code dump/Lab3_team1/DE0_NANO.v Line: 64
    Warning (13040): bidirectional pin "GPIO_1_D[6]" has no driver File: C:/Users/labuser/Downloads/ECE-3400-Team-1-master/code dump/Lab3_team1/DE0_NANO.v Line: 64
    Warning (13040): bidirectional pin "GPIO_1_D[7]" has no driver File: C:/Users/labuser/Downloads/ECE-3400-Team-1-master/code dump/Lab3_team1/DE0_NANO.v Line: 64
    Warning (13040): bidirectional pin "GPIO_1_D[9]" has no driver File: C:/Users/labuser/Downloads/ECE-3400-Team-1-master/code dump/Lab3_team1/DE0_NANO.v Line: 64
    Warning (13040): bidirectional pin "GPIO_1_D[11]" has no driver File: C:/Users/labuser/Downloads/ECE-3400-Team-1-master/code dump/Lab3_team1/DE0_NANO.v Line: 64
    Warning (13040): bidirectional pin "GPIO_1_D[13]" has no driver File: C:/Users/labuser/Downloads/ECE-3400-Team-1-master/code dump/Lab3_team1/DE0_NANO.v Line: 64
    Warning (13040): bidirectional pin "GPIO_1_D[15]" has no driver File: C:/Users/labuser/Downloads/ECE-3400-Team-1-master/code dump/Lab3_team1/DE0_NANO.v Line: 64
    Warning (13040): bidirectional pin "GPIO_1_D[17]" has no driver File: C:/Users/labuser/Downloads/ECE-3400-Team-1-master/code dump/Lab3_team1/DE0_NANO.v Line: 64
    Warning (13040): bidirectional pin "GPIO_1_D[19]" has no driver File: C:/Users/labuser/Downloads/ECE-3400-Team-1-master/code dump/Lab3_team1/DE0_NANO.v Line: 64
    Warning (13040): bidirectional pin "GPIO_1_D[21]" has no driver File: C:/Users/labuser/Downloads/ECE-3400-Team-1-master/code dump/Lab3_team1/DE0_NANO.v Line: 64
    Warning (13040): bidirectional pin "GPIO_1_D[23]" has no driver File: C:/Users/labuser/Downloads/ECE-3400-Team-1-master/code dump/Lab3_team1/DE0_NANO.v Line: 64
    Warning (13040): bidirectional pin "GPIO_1_D[24]" has no driver File: C:/Users/labuser/Downloads/ECE-3400-Team-1-master/code dump/Lab3_team1/DE0_NANO.v Line: 64
    Warning (13040): bidirectional pin "GPIO_1_D[25]" has no driver File: C:/Users/labuser/Downloads/ECE-3400-Team-1-master/code dump/Lab3_team1/DE0_NANO.v Line: 64
    Warning (13040): bidirectional pin "GPIO_1_D[26]" has no driver File: C:/Users/labuser/Downloads/ECE-3400-Team-1-master/code dump/Lab3_team1/DE0_NANO.v Line: 64
    Warning (13040): bidirectional pin "GPIO_1_D[27]" has no driver File: C:/Users/labuser/Downloads/ECE-3400-Team-1-master/code dump/Lab3_team1/DE0_NANO.v Line: 64
    Warning (13040): bidirectional pin "GPIO_1_D[28]" has no driver File: C:/Users/labuser/Downloads/ECE-3400-Team-1-master/code dump/Lab3_team1/DE0_NANO.v Line: 64
    Warning (13040): bidirectional pin "GPIO_1_D[29]" has no driver File: C:/Users/labuser/Downloads/ECE-3400-Team-1-master/code dump/Lab3_team1/DE0_NANO.v Line: 64
    Warning (13040): bidirectional pin "GPIO_1_D[30]" has no driver File: C:/Users/labuser/Downloads/ECE-3400-Team-1-master/code dump/Lab3_team1/DE0_NANO.v Line: 64
    Warning (13040): bidirectional pin "GPIO_1_D[31]" has no driver File: C:/Users/labuser/Downloads/ECE-3400-Team-1-master/code dump/Lab3_team1/DE0_NANO.v Line: 64
    Warning (13040): bidirectional pin "GPIO_1_D[32]" has no driver File: C:/Users/labuser/Downloads/ECE-3400-Team-1-master/code dump/Lab3_team1/DE0_NANO.v Line: 64
    Warning (13040): bidirectional pin "GPIO_1_D[33]" has no driver File: C:/Users/labuser/Downloads/ECE-3400-Team-1-master/code dump/Lab3_team1/DE0_NANO.v Line: 64
Warning (13032): The following tri-state nodes are fed by constants
    Warning (13033): The pin "GPIO_0_D[9]" is fed by GND File: C:/Users/labuser/Downloads/ECE-3400-Team-1-master/code dump/Lab3_team1/DE0_NANO.v Line: 60
    Warning (13033): The pin "GPIO_0_D[11]" is fed by GND File: C:/Users/labuser/Downloads/ECE-3400-Team-1-master/code dump/Lab3_team1/DE0_NANO.v Line: 60
    Warning (13033): The pin "GPIO_0_D[13]" is fed by GND File: C:/Users/labuser/Downloads/ECE-3400-Team-1-master/code dump/Lab3_team1/DE0_NANO.v Line: 60
    Warning (13033): The pin "GPIO_0_D[21]" is fed by GND File: C:/Users/labuser/Downloads/ECE-3400-Team-1-master/code dump/Lab3_team1/DE0_NANO.v Line: 60
    Warning (13033): The pin "GPIO_0_D[23]" is fed by GND File: C:/Users/labuser/Downloads/ECE-3400-Team-1-master/code dump/Lab3_team1/DE0_NANO.v Line: 60
Warning (13009): TRI or OPNDRN buffers permanently enabled
    Warning (13010): Node "GPIO_0_D[10]~synth" File: C:/Users/labuser/Downloads/ECE-3400-Team-1-master/code dump/Lab3_team1/DE0_NANO.v Line: 60
    Warning (13010): Node "GPIO_0_D[12]~synth" File: C:/Users/labuser/Downloads/ECE-3400-Team-1-master/code dump/Lab3_team1/DE0_NANO.v Line: 60
    Warning (13010): Node "GPIO_0_D[15]~synth" File: C:/Users/labuser/Downloads/ECE-3400-Team-1-master/code dump/Lab3_team1/DE0_NANO.v Line: 60
    Warning (13010): Node "GPIO_0_D[17]~synth" File: C:/Users/labuser/Downloads/ECE-3400-Team-1-master/code dump/Lab3_team1/DE0_NANO.v Line: 60
    Warning (13010): Node "GPIO_0_D[19]~synth" File: C:/Users/labuser/Downloads/ECE-3400-Team-1-master/code dump/Lab3_team1/DE0_NANO.v Line: 60
    Warning (13010): Node "GPIO_1_D[8]~synth" File: C:/Users/labuser/Downloads/ECE-3400-Team-1-master/code dump/Lab3_team1/DE0_NANO.v Line: 64
    Warning (13010): Node "GPIO_1_D[10]~synth" File: C:/Users/labuser/Downloads/ECE-3400-Team-1-master/code dump/Lab3_team1/DE0_NANO.v Line: 64
    Warning (13010): Node "GPIO_1_D[12]~synth" File: C:/Users/labuser/Downloads/ECE-3400-Team-1-master/code dump/Lab3_team1/DE0_NANO.v Line: 64
    Warning (13010): Node "GPIO_1_D[14]~synth" File: C:/Users/labuser/Downloads/ECE-3400-Team-1-master/code dump/Lab3_team1/DE0_NANO.v Line: 64
    Warning (13010): Node "GPIO_1_D[16]~synth" File: C:/Users/labuser/Downloads/ECE-3400-Team-1-master/code dump/Lab3_team1/DE0_NANO.v Line: 64
    Warning (13010): Node "GPIO_1_D[18]~synth" File: C:/Users/labuser/Downloads/ECE-3400-Team-1-master/code dump/Lab3_team1/DE0_NANO.v Line: 64
    Warning (13010): Node "GPIO_1_D[20]~synth" File: C:/Users/labuser/Downloads/ECE-3400-Team-1-master/code dump/Lab3_team1/DE0_NANO.v Line: 64
    Warning (13010): Node "GPIO_1_D[22]~synth" File: C:/Users/labuser/Downloads/ECE-3400-Team-1-master/code dump/Lab3_team1/DE0_NANO.v Line: 64
Warning (13024): Output pins are stuck at VCC or GND
    Warning (13410): Pin "LED[1]" is stuck at GND File: C:/Users/labuser/Downloads/ECE-3400-Team-1-master/code dump/Lab3_team1/DE0_NANO.v Line: 48
    Warning (13410): Pin "LED[2]" is stuck at GND File: C:/Users/labuser/Downloads/ECE-3400-Team-1-master/code dump/Lab3_team1/DE0_NANO.v Line: 48
    Warning (13410): Pin "LED[3]" is stuck at GND File: C:/Users/labuser/Downloads/ECE-3400-Team-1-master/code dump/Lab3_team1/DE0_NANO.v Line: 48
    Warning (13410): Pin "LED[4]" is stuck at GND File: C:/Users/labuser/Downloads/ECE-3400-Team-1-master/code dump/Lab3_team1/DE0_NANO.v Line: 48
    Warning (13410): Pin "LED[5]" is stuck at GND File: C:/Users/labuser/Downloads/ECE-3400-Team-1-master/code dump/Lab3_team1/DE0_NANO.v Line: 48
    Warning (13410): Pin "LED[6]" is stuck at GND File: C:/Users/labuser/Downloads/ECE-3400-Team-1-master/code dump/Lab3_team1/DE0_NANO.v Line: 48
    Warning (13410): Pin "LED[7]" is stuck at GND File: C:/Users/labuser/Downloads/ECE-3400-Team-1-master/code dump/Lab3_team1/DE0_NANO.v Line: 48
Info (286030): Timing-Driven Synthesis is running
Info (16010): Generating hard_block partition "hard_block:auto_generated_inst"
    Info (16011): Adding 0 node(s), including 0 DDIO, 0 PLL, 0 transceiver and 0 LCELL
Warning (21074): Design contains 9 input pin(s) that do not drive logic
    Warning (15610): No output dependent on input pin "KEY[1]" File: C:/Users/labuser/Downloads/ECE-3400-Team-1-master/code dump/Lab3_team1/DE0_NANO.v Line: 54
    Warning (15610): No output dependent on input pin "SW[0]" File: C:/Users/labuser/Downloads/ECE-3400-Team-1-master/code dump/Lab3_team1/DE0_NANO.v Line: 57
    Warning (15610): No output dependent on input pin "SW[1]" File: C:/Users/labuser/Downloads/ECE-3400-Team-1-master/code dump/Lab3_team1/DE0_NANO.v Line: 57
    Warning (15610): No output dependent on input pin "SW[2]" File: C:/Users/labuser/Downloads/ECE-3400-Team-1-master/code dump/Lab3_team1/DE0_NANO.v Line: 57
    Warning (15610): No output dependent on input pin "SW[3]" File: C:/Users/labuser/Downloads/ECE-3400-Team-1-master/code dump/Lab3_team1/DE0_NANO.v Line: 57
    Warning (15610): No output dependent on input pin "GPIO_0_IN[0]" File: C:/Users/labuser/Downloads/ECE-3400-Team-1-master/code dump/Lab3_team1/DE0_NANO.v Line: 61
    Warning (15610): No output dependent on input pin "GPIO_0_IN[1]" File: C:/Users/labuser/Downloads/ECE-3400-Team-1-master/code dump/Lab3_team1/DE0_NANO.v Line: 61
    Warning (15610): No output dependent on input pin "GPIO_1_IN[0]" File: C:/Users/labuser/Downloads/ECE-3400-Team-1-master/code dump/Lab3_team1/DE0_NANO.v Line: 65
    Warning (15610): No output dependent on input pin "GPIO_1_IN[1]" File: C:/Users/labuser/Downloads/ECE-3400-Team-1-master/code dump/Lab3_team1/DE0_NANO.v Line: 65
Info (21057): Implemented 226 device resources after synthesis - the final resource count might be different
    Info (21058): Implemented 11 input pins
    Info (21059): Implemented 8 output pins
    Info (21060): Implemented 68 bidirectional pins
    Info (21061): Implemented 131 logic cells
    Info (21064): Implemented 8 RAM segments
Info: Quartus Prime Analysis & Synthesis was successful. 0 errors, 117 warnings
    Info: Peak virtual memory: 662 megabytes
    Info: Processing ended: Sat Oct 14 20:46:26 2017
    Info: Elapsed time: 00:00:10
    Info: Total CPU time (on all processors): 00:00:21


